<?xml version="1.0" encoding="UTF-8"?>
<!-- Generated by org.testng.reporters.JUnitXMLReporter -->
<testsuite hostname="Ramakant-Air" name="Default test" tests="1" failures="0" timestamp="24 Apr 2017 10:06:17 GMT" time="0.065" errors="0">
  <testcase name="@BeforeTest beforeTest" time="0.0" classname="TestScripts.Alerts.Alerts_72356">
    <failure type="org.testng.TestNGException" message="
Parameter &amp;apos;Script_Name&amp;apos; is required by @Configuration on method beforeTest but has not been marked @Optional or defined
in /private/var/folders/65/9vz2kj414n9_lndsnzg024800000gp/T/testng-eclipse--641689966/testng-customsuite.xml">
      <![CDATA[org.testng.TestNGException: 
Parameter 'Script_Name' is required by @Configuration on method beforeTest but has not been marked @Optional or defined
in /private/var/folders/65/9vz2kj414n9_lndsnzg024800000gp/T/testng-eclipse--641689966/testng-customsuite.xml
	at org.testng.internal.Parameters.createParameters(Parameters.java:154)
	at org.testng.internal.Parameters.createParameters(Parameters.java:361)
	at org.testng.internal.Parameters.createConfigurationParameters(Parameters.java:84)
	at org.testng.internal.Invoker.invokeConfigurations(Invoker.java:197)
	at org.testng.internal.Invoker.invokeConfigurations(Invoker.java:138)
	at org.testng.TestRunner.beforeRun(TestRunner.java:648)
	at org.testng.TestRunner.run(TestRunner.java:616)
	at org.testng.SuiteRunner.runTest(SuiteRunner.java:359)
	at org.testng.SuiteRunner.runSequentially(SuiteRunner.java:354)
	at org.testng.SuiteRunner.privateRun(SuiteRunner.java:312)
	at org.testng.SuiteRunner.run(SuiteRunner.java:261)
	at org.testng.SuiteRunnerWorker.runSuite(SuiteRunnerWorker.java:52)
	at org.testng.SuiteRunnerWorker.run(SuiteRunnerWorker.java:86)
	at org.testng.TestNG.runSuitesSequentially(TestNG.java:1215)
	at org.testng.TestNG.runSuitesLocally(TestNG.java:1140)
	at org.testng.TestNG.run(TestNG.java:1048)
	at org.testng.remote.AbstractRemoteTestNG.run(AbstractRemoteTestNG.java:132)
	at org.testng.remote.RemoteTestNG.initAndRun(RemoteTestNG.java:230)
	at org.testng.remote.RemoteTestNG.main(RemoteTestNG.java:76)
]]>
    </failure>
  </testcase> <!-- @BeforeTest beforeTest -->
  <testcase name="@AfterTest afterTest" time="0.0" classname="TestScripts.Alerts.Alerts_72356">
    <skipped/>
  </testcase> <!-- @AfterTest afterTest -->
  <testcase name="test" time="0.0" classname="TestScripts.Alerts.Alerts_72356">
    <skipped/>
  </testcase> <!-- test -->
</testsuite> <!-- Default test -->
