<html>
<head>
<title>TestNG:  DCO_premiumUserDeliverToAnotherAddressTransportationCharges9PaymentCards_77813-1-</title>
<link href="../testng.css" rel="stylesheet" type="text/css" />
<link href="../my-testng.css" rel="stylesheet" type="text/css" />

<style type="text/css">
.log { display: none;} 
.stack-trace { display: none;} 
</style>
<script type="text/javascript">
<!--
function flip(e) {
  current = e.style.display;
  if (current == 'block') {
    e.style.display = 'none';
    return 0;
  }
  else {
    e.style.display = 'block';
    return 1;
  }
}

function toggleBox(szDivId, elem, msg1, msg2)
{
  var res = -1;  if (document.getElementById) {
    res = flip(document.getElementById(szDivId));
  }
  else if (document.all) {
    // this is the way old msie versions work
    res = flip(document.all[szDivId]);
  }
  if(elem) {
    if(res == 0) elem.innerHTML = msg1; else elem.innerHTML = msg2;
  }

}

function toggleAllBoxes() {
  if (document.getElementsByTagName) {
    d = document.getElementsByTagName('div');
    for (i = 0; i < d.length; i++) {
      if (d[i].className == 'log') {
        flip(d[i]);
      }
    }
  }
}

// -->
</script>

</head>
<body>
<h2 align='center'>DCO_premiumUserDeliverToAnotherAddressTransportationCharges9PaymentCards_77813-1-</h2><table border='1' align="center">
<tr>
<td>Tests passed/Failed/Skipped:</td><td>0/1/0</td>
</tr><tr>
<td>Started on:</td><td>Fri May 26 11:44:53 IST 2017</td>
</tr>
<tr><td>Total time:</td><td>355 seconds (355833 ms)</td>
</tr><tr>
<td>Included groups:</td><td></td>
</tr><tr>
<td>Excluded groups:</td><td></td>
</tr>
</table><p/>
<small><i>(Hover the method name to see the test class name)</i></small><p/>
<table width='100%' border='1' class='invocation-failed'>
<tr><td colspan='4' align='center'><b>FAILED TESTS</b></td></tr>
<tr><td><b>Test method</b></td>
<td width="30%"><b>Exception</b></td>
<td width="10%"><b>Time (seconds)</b></td>
<td><b>Instance</b></td>
</tr>
<tr>
<td title='TestScripts.Tracking.DCO_premiumUserDeliverToAnotherAddressTransportationCharges9PaymentCards_77813.test()'><b>test</b><br>Test class: TestScripts.Tracking.DCO_premiumUserDeliverToAnotherAddressTransportationCharges9PaymentCards_77813<br>Parameters: Android, DCO_premiumUserDeliverToAnotherAddressTransportationCharges9PaymentCards_77813, TA64302E40, edwinmark, Test@1234, 1ZISUS010390902304, Divyajit Reddy, 1409 Kenilworth Dr SW, Atlanta, Georgia, 30310, 4142356890, Use another payment card, MasterCard, 5426362501129570, August, 2020, 885</td>
<td><div><pre>org.openqa.selenium.TimeoutException: Expected condition failed: waiting for visibility of [[IOSDriver:  on MAC (3df21091-bad3-459f-bf92-c3892ebad092)] -&gt; xpath: //UIAScrollView[1]/UIAStaticText[@value=&apos;Delivery Change&apos;]] (tried for 60 second(s) with 500 MILLISECONDS interval)
Build info: version: &apos;unknown&apos;, revision: &apos;1969d75&apos;, time: &apos;2016-10-18 09:43:45 -0700&apos;
System info: host: &apos;Ramakant-MacBook-Air.local&apos;, ip: &apos;10.20.25.6&apos;, os.name: &apos;Mac OS X&apos;, os.arch: &apos;x86_64&apos;, os.version: &apos;10.11.6&apos;, java.version: &apos;1.8.0_111&apos;
Driver info: io.appium.java_client.ios.IOSDriver
Capabilities [{app=/UPS_APKs/IPA/UPS.MobileX_DEBUG_6_0_0_13.ipa, networkConnectionEnabled=false, warnings={}, databaseEnabled=false, deviceName=iPhone, platform=MAC, desired={app=/UPS_APKs/IPA/UPS.MobileX_DEBUG_6_0_0_13.ipa, platformVersion=9.0.1, browserName=, platformName=iOS, deviceName=iPhone}, platformVersion=9.0.1, webStorageEnabled=false, locationContextEnabled=false, browserName=, takesScreenshot=true, javascriptEnabled=true, platformName=iOS}]
Session ID: 3df21091-bad3-459f-bf92-c3892ebad092
	at org.openqa.selenium.support.ui.WebDriverWait.timeoutException(WebDriverWait.java:80)
	at org.openqa.selenium.support.ui.FluentWait.until(FluentWait.java:265)
	at Library.AppSpecific.Tracking.changeDeliveryOptions(Tracking.java:2421)
	at TestScripts.Tracking.DCO_premiumUserDeliverToAnotherAddressTransportationCharges9PaymentCards_77813.test(DCO_premiumUserDeliverToAnotherAddressTransportationCharges9PaymentCards_77813.java:76)
... Removed 24 stack frames</pre></div><a href='#' onClick='toggleBox("stack-trace1653361344", this, "Click to show all stack frames", "Click to hide stack frames")'>Click to show all stack frames</a>
<div class='stack-trace' id='stack-trace1653361344'><pre>org.openqa.selenium.TimeoutException: Expected condition failed: waiting for visibility of [[IOSDriver:  on MAC (3df21091-bad3-459f-bf92-c3892ebad092)] -&gt; xpath: //UIAScrollView[1]/UIAStaticText[@value=&apos;Delivery Change&apos;]] (tried for 60 second(s) with 500 MILLISECONDS interval)
Build info: version: &apos;unknown&apos;, revision: &apos;1969d75&apos;, time: &apos;2016-10-18 09:43:45 -0700&apos;
System info: host: &apos;Ramakant-MacBook-Air.local&apos;, ip: &apos;10.20.25.6&apos;, os.name: &apos;Mac OS X&apos;, os.arch: &apos;x86_64&apos;, os.version: &apos;10.11.6&apos;, java.version: &apos;1.8.0_111&apos;
Driver info: io.appium.java_client.ios.IOSDriver
Capabilities [{app=/UPS_APKs/IPA/UPS.MobileX_DEBUG_6_0_0_13.ipa, networkConnectionEnabled=false, warnings={}, databaseEnabled=false, deviceName=iPhone, platform=MAC, desired={app=/UPS_APKs/IPA/UPS.MobileX_DEBUG_6_0_0_13.ipa, platformVersion=9.0.1, browserName=, platformName=iOS, deviceName=iPhone}, platformVersion=9.0.1, webStorageEnabled=false, locationContextEnabled=false, browserName=, takesScreenshot=true, javascriptEnabled=true, platformName=iOS}]
Session ID: 3df21091-bad3-459f-bf92-c3892ebad092
	at org.openqa.selenium.support.ui.WebDriverWait.timeoutException(WebDriverWait.java:80)
	at org.openqa.selenium.support.ui.FluentWait.until(FluentWait.java:265)
	at Library.AppSpecific.Tracking.changeDeliveryOptions(Tracking.java:2421)
	at TestScripts.Tracking.DCO_premiumUserDeliverToAnotherAddressTransportationCharges9PaymentCards_77813.test(DCO_premiumUserDeliverToAnotherAddressTransportationCharges9PaymentCards_77813.java:76)
	at sun.reflect.NativeMethodAccessorImpl.invoke0(Native Method)
	at sun.reflect.NativeMethodAccessorImpl.invoke(NativeMethodAccessorImpl.java:62)
	at sun.reflect.DelegatingMethodAccessorImpl.invoke(DelegatingMethodAccessorImpl.java:43)
	at java.lang.reflect.Method.invoke(Method.java:498)
	at org.testng.internal.MethodInvocationHelper.invokeMethod(MethodInvocationHelper.java:85)
	at org.testng.internal.Invoker.invokeMethod(Invoker.java:639)
	at org.testng.internal.Invoker.invokeTestMethod(Invoker.java:816)
	at org.testng.internal.Invoker.invokeTestMethods(Invoker.java:1124)
	at org.testng.internal.TestMethodWorker.invokeTestMethods(TestMethodWorker.java:125)
	at org.testng.internal.TestMethodWorker.run(TestMethodWorker.java:108)
	at org.testng.TestRunner.privateRun(TestRunner.java:774)
	at org.testng.TestRunner.run(TestRunner.java:624)
	at org.testng.SuiteRunner.runTest(SuiteRunner.java:359)
	at org.testng.SuiteRunner.runSequentially(SuiteRunner.java:354)
	at org.testng.SuiteRunner.privateRun(SuiteRunner.java:312)
	at org.testng.SuiteRunner.run(SuiteRunner.java:261)
	at org.testng.SuiteRunnerWorker.runSuite(SuiteRunnerWorker.java:52)
	at org.testng.SuiteRunnerWorker.run(SuiteRunnerWorker.java:86)
	at org.testng.TestNG.runSuitesSequentially(TestNG.java:1215)
	at org.testng.TestNG.runSuitesLocally(TestNG.java:1140)
	at org.testng.TestNG.run(TestNG.java:1048)
	at org.testng.remote.AbstractRemoteTestNG.run(AbstractRemoteTestNG.java:132)
	at org.testng.remote.RemoteTestNG.initAndRun(RemoteTestNG.java:230)
	at org.testng.remote.RemoteTestNG.main(RemoteTestNG.java:76)
</pre></div></td>
<td>276</td>
<td>TestScripts.Tracking.DCO_premiumUserDeliverToAnotherAddressTransportationCharges9PaymentCards_77813@64729b1e</td></tr>
</table><p>
</body>
</html>