<?xml version="1.0" encoding="UTF-8"?>
<!-- Generated by org.testng.reporters.JUnitXMLReporter -->
<testsuite hostname="Ramakant-MacBook-Air.local" name="FPC_NewPasswordSameAsReEnterNewPassword_TC_71763-1-" tests="1" failures="1" timestamp="11 Apr 2017 12:19:25 GMT" time="15610.366" errors="0">
  <testcase name="@AfterMethod test" time="0.0" classname="TestScripts.ForgotPasswordChange.FPC_NewPasswordSameAsReEnterNewPassword_TC_71763">
    <failure type="org.openqa.selenium.NoSuchSessionException" message="
Command duration or timeout: 49 milliseconds
Build info: version: &amp;apos;unknown&amp;apos;, revision: &amp;apos;1969d75&amp;apos;, time: &amp;apos;2016-10-18 09:43:45 -0700&amp;apos;
System info: host: &amp;apos;Ramakant-MacBook-Air.local&amp;apos;, ip: &amp;apos;10.10.241.42&amp;apos;, os.name: &amp;apos;Mac OS X&amp;apos;, os.arch: &amp;apos;x86_64&amp;apos;, os.version: &amp;apos;10.11.6&amp;apos;, java.version: &amp;apos;1.8.0_111&amp;apos;
Driver info: io.appium.java_client.ios.IOSDriver
Capabilities [{appPackage=, networkConnectionEnabled=false, warnings={}, databaseEnabled=false, deviceName=iphone6, version=, platform=MAC, appActivity=, desired={appPackage=, appActivity=, platformVersion=9.2, browserName=iOS, platformName=iOS, deviceName=iphone6, version=}, platformVersion=9.2, webStorageEnabled=false, locationContextEnabled=false, browserName=iOS, takesScreenshot=true, javascriptEnabled=true, platformName=iOS}]
Session ID: 80f4def7-c22b-4a33-a206-9a207c406181">
      <![CDATA[org.openqa.selenium.NoSuchSessionException: 
Command duration or timeout: 49 milliseconds
Build info: version: 'unknown', revision: '1969d75', time: '2016-10-18 09:43:45 -0700'
System info: host: 'Ramakant-MacBook-Air.local', ip: '10.10.241.42', os.name: 'Mac OS X', os.arch: 'x86_64', os.version: '10.11.6', java.version: '1.8.0_111'
Driver info: io.appium.java_client.ios.IOSDriver
Capabilities [{appPackage=, networkConnectionEnabled=false, warnings={}, databaseEnabled=false, deviceName=iphone6, version=, platform=MAC, appActivity=, desired={appPackage=, appActivity=, platformVersion=9.2, browserName=iOS, platformName=iOS, deviceName=iphone6, version=}, platformVersion=9.2, webStorageEnabled=false, locationContextEnabled=false, browserName=iOS, takesScreenshot=true, javascriptEnabled=true, platformName=iOS}]
Session ID: 80f4def7-c22b-4a33-a206-9a207c406181
	at org.openqa.selenium.remote.ErrorHandler.createThrowable(ErrorHandler.java:216)
	at org.openqa.selenium.remote.ErrorHandler.throwIfResponseFailed(ErrorHandler.java:168)
	at org.openqa.selenium.remote.RemoteWebDriver.execute(RemoteWebDriver.java:635)
	at io.appium.java_client.DefaultGenericMobileDriver.execute(DefaultGenericMobileDriver.java:42)
	at io.appium.java_client.AppiumDriver.execute(AppiumDriver.java:206)
	at org.openqa.selenium.remote.RemoteWebDriver.getScreenshotAs(RemoteWebDriver.java:340)
	at Library.Supporting.Utils.captureSS(Utils.java:42)
	at Library.Supporting.Report.failLog(Report.java:81)
	at Library.Supporting.LaunchLoginAndLogout.stopOnFailure(LaunchLoginAndLogout.java:414)
	at TestScripts.ForgotPasswordChange.FPC_NewPasswordSameAsReEnterNewPassword_TC_71763.test(FPC_NewPasswordSameAsReEnterNewPassword_TC_71763.java:69)
... Removed 30 stack frames]]>
    </failure>
  </testcase> <!-- @AfterMethod test -->
  <testcase name="@AfterTest afterTest" time="0.0" classname="TestScripts.ForgotPasswordChange.FPC_NewPasswordSameAsReEnterNewPassword_TC_71763">
    <skipped/>
  </testcase> <!-- @AfterTest afterTest -->
  <testcase name="validation" time="15583.279" classname="TestScripts.ForgotPasswordChange.FPC_NewPasswordSameAsReEnterNewPassword_TC_71763">
    <failure type="java.lang.IllegalStateException" message="The driver executable does not exist: /UPS_CT_Automation/UPS-CT Automation/D:\UPSToolsSetup\chromedriver.exe">
      <![CDATA[java.lang.IllegalStateException: The driver executable does not exist: /UPS_CT_Automation/UPS-CT Automation/D:\UPSToolsSetup\chromedriver.exe
	at com.google.common.base.Preconditions.checkState(Preconditions.java:199)
	at org.openqa.selenium.remote.service.DriverService.checkExecutable(DriverService.java:121)
	at org.openqa.selenium.remote.service.DriverService.findExecutable(DriverService.java:116)
	at org.openqa.selenium.chrome.ChromeDriverService.access$000(ChromeDriverService.java:32)
	at org.openqa.selenium.chrome.ChromeDriverService$Builder.findDefaultExecutable(ChromeDriverService.java:137)
	at org.openqa.selenium.remote.service.DriverService$Builder.build(DriverService.java:296)
	at org.openqa.selenium.chrome.ChromeDriverService.createDefaultService(ChromeDriverService.java:88)
	at org.openqa.selenium.chrome.ChromeDriver.<init>(ChromeDriver.java:120)
	at Library.Supporting.Mobile.ReadOutlookText(Unknown Source)
	at TestScripts.ForgotPasswordChange.FPC_NewPasswordSameAsReEnterNewPassword_TC_71763.validation(FPC_NewPasswordSameAsReEnterNewPassword_TC_71763.java:56)
... Removed 24 stack frames]]>
    </failure>
  </testcase> <!-- validation -->
</testsuite> <!-- FPC_NewPasswordSameAsReEnterNewPassword_TC_71763-1- -->
