<?xml version="1.0" encoding="UTF-8"?>
<!-- Generated by org.testng.reporters.JUnitXMLReporter -->
<testsuite hostname="Ramakant-MacBook-Air.local" name="SampleTest-1-" tests="1" failures="0" timestamp="19 Jun 2017 05:33:20 GMT" time="0.291" errors="0">
  <testcase name="@BeforeTest beforeTest" time="0.0" classname="com.raftt_m.testscripts.SampleTest">
    <failure type="java.lang.NoClassDefFoundError" message="io/appium/java_client/service/local/AppiumServiceBuilder">
      <![CDATA[java.lang.NoClassDefFoundError: io/appium/java_client/service/local/AppiumServiceBuilder
	at com.raftt_m.library.LaunchLoginAndLogout.StartStopAppium(LaunchLoginAndLogout.java:187)
	at com.raftt_m.library.LaunchLoginAndLogout.getDriver(LaunchLoginAndLogout.java:220)
	at com.raftt_m.library.LaunchLoginAndLogout.LaunchLoginAndLogout(LaunchLoginAndLogout.java:115)
	at com.raftt_m.testscripts.SampleTest.beforeTest(SampleTest.java:36)
Caused by: java.lang.ClassNotFoundException: io.appium.java_client.service.local.AppiumServiceBuilder
	at java.net.URLClassLoader.findClass(URLClassLoader.java:381)
	at java.lang.ClassLoader.loadClass(ClassLoader.java:424)
	at sun.misc.Launcher$AppClassLoader.loadClass(Launcher.java:331)
	at java.lang.ClassLoader.loadClass(ClassLoader.java:357)
	... 26 more
... Removed 22 stack frames]]>
    </failure>
  </testcase> <!-- @BeforeTest beforeTest -->
  <testcase name="@AfterMethod test" time="0.0" classname="com.raftt_m.testscripts.SampleTest">
    <skipped/>
  </testcase> <!-- @AfterMethod test -->
  <testcase name="@AfterTest afterTest" time="0.0" classname="com.raftt_m.testscripts.SampleTest">
    <skipped/>
  </testcase> <!-- @AfterTest afterTest -->
  <testcase name="sampletest" time="0.003" classname="com.raftt_m.testscripts.SampleTest">
    <skipped/>
  </testcase> <!-- sampletest -->
</testsuite> <!-- SampleTest-1- -->
