<?xml version="1.0" encoding="UTF-8"?>
<!-- Generated by org.testng.reporters.JUnitReportReporter -->
<testsuite hostname="Ramakant-MacBook-Air.local" name="TestScripts.Tracking.DCO_premiumUserDeliverToAnotherAddressTransportationCharges9PaymentCards_77813" tests="1" failures="0" timestamp="26 May 2017 06:20:49 GMT" time="300.627" errors="1">
  <testcase name="test" time="300.627" classname="TestScripts.Tracking.DCO_premiumUserDeliverToAnotherAddressTransportationCharges9PaymentCards_77813">
    <error type="org.openqa.selenium.TimeoutException" message="Expected condition failed: waiting for visibility of [[IOSDriver:  on MAC (3df21091-bad3-459f-bf92-c3892ebad092)] -&gt; xpath: //UIAScrollView[1]/UIAStaticText[@value=&#039;Delivery Change&#039;]] (tried for 60 second(s) with 500 MILLISECONDS interval)
Build info: version: &#039;unknown&#039;, revision: &#039;1969d75&#039;, time: &#039;2016-10-18 09:43:45 -0700&#039;
System info: host: &#039;Ramakant-MacBook-Air.local&#039;, ip: &#039;10.20.25.6&#039;, os.name: &#039;Mac OS X&#039;, os.arch: &#039;x86_64&#039;, os.version: &#039;10.11.6&#039;, java.version: &#039;1.8.0_111&#039;
Driver info: io.appium.java_client.ios.IOSDriver
Capabilities [{app=/UPS_APKs/IPA/UPS.MobileX_DEBUG_6_0_0_13.ipa, networkConnectionEnabled=false, warnings={}, databaseEnabled=false, deviceName=iPhone, platform=MAC, desired={app=/UPS_APKs/IPA/UPS.MobileX_DEBUG_6_0_0_13.ipa, platformVersion=9.0.1, browserName=, platformName=iOS, deviceName=iPhone}, platformVersion=9.0.1, webStorageEnabled=false, locationContextEnabled=false, browserName=, takesScreenshot=true, javascriptEnabled=true, platformName=iOS}]
Session ID: 3df21091-bad3-459f-bf92-c3892ebad092">
      <![CDATA[org.openqa.selenium.TimeoutException: Expected condition failed: waiting for visibility of [[IOSDriver:  on MAC (3df21091-bad3-459f-bf92-c3892ebad092)] -> xpath: //UIAScrollView[1]/UIAStaticText[@value='Delivery Change']] (tried for 60 second(s) with 500 MILLISECONDS interval)
Build info: version: 'unknown', revision: '1969d75', time: '2016-10-18 09:43:45 -0700'
System info: host: 'Ramakant-MacBook-Air.local', ip: '10.20.25.6', os.name: 'Mac OS X', os.arch: 'x86_64', os.version: '10.11.6', java.version: '1.8.0_111'
Driver info: io.appium.java_client.ios.IOSDriver
Capabilities [{app=/UPS_APKs/IPA/UPS.MobileX_DEBUG_6_0_0_13.ipa, networkConnectionEnabled=false, warnings={}, databaseEnabled=false, deviceName=iPhone, platform=MAC, desired={app=/UPS_APKs/IPA/UPS.MobileX_DEBUG_6_0_0_13.ipa, platformVersion=9.0.1, browserName=, platformName=iOS, deviceName=iPhone}, platformVersion=9.0.1, webStorageEnabled=false, locationContextEnabled=false, browserName=, takesScreenshot=true, javascriptEnabled=true, platformName=iOS}]
Session ID: 3df21091-bad3-459f-bf92-c3892ebad092
	at org.openqa.selenium.support.ui.WebDriverWait.timeoutException(WebDriverWait.java:80)
	at org.openqa.selenium.support.ui.FluentWait.until(FluentWait.java:265)
	at Library.AppSpecific.Tracking.changeDeliveryOptions(Tracking.java:2421)
	at TestScripts.Tracking.DCO_premiumUserDeliverToAnotherAddressTransportationCharges9PaymentCards_77813.test(DCO_premiumUserDeliverToAnotherAddressTransportationCharges9PaymentCards_77813.java:76)
	at sun.reflect.NativeMethodAccessorImpl.invoke0(Native Method)
	at sun.reflect.NativeMethodAccessorImpl.invoke(NativeMethodAccessorImpl.java:62)
	at sun.reflect.DelegatingMethodAccessorImpl.invoke(DelegatingMethodAccessorImpl.java:43)
	at java.lang.reflect.Method.invoke(Method.java:498)
	at org.testng.internal.MethodInvocationHelper.invokeMethod(MethodInvocationHelper.java:85)
	at org.testng.internal.Invoker.invokeMethod(Invoker.java:639)
	at org.testng.internal.Invoker.invokeTestMethod(Invoker.java:816)
	at org.testng.internal.Invoker.invokeTestMethods(Invoker.java:1124)
	at org.testng.internal.TestMethodWorker.invokeTestMethods(TestMethodWorker.java:125)
	at org.testng.internal.TestMethodWorker.run(TestMethodWorker.java:108)
	at org.testng.TestRunner.privateRun(TestRunner.java:774)
	at org.testng.TestRunner.run(TestRunner.java:624)
	at org.testng.SuiteRunner.runTest(SuiteRunner.java:359)
	at org.testng.SuiteRunner.runSequentially(SuiteRunner.java:354)
	at org.testng.SuiteRunner.privateRun(SuiteRunner.java:312)
	at org.testng.SuiteRunner.run(SuiteRunner.java:261)
	at org.testng.SuiteRunnerWorker.runSuite(SuiteRunnerWorker.java:52)
	at org.testng.SuiteRunnerWorker.run(SuiteRunnerWorker.java:86)
	at org.testng.TestNG.runSuitesSequentially(TestNG.java:1215)
	at org.testng.TestNG.runSuitesLocally(TestNG.java:1140)
	at org.testng.TestNG.run(TestNG.java:1048)
	at org.testng.remote.AbstractRemoteTestNG.run(AbstractRemoteTestNG.java:132)
	at org.testng.remote.RemoteTestNG.initAndRun(RemoteTestNG.java:230)
	at org.testng.remote.RemoteTestNG.main(RemoteTestNG.java:76)
]]>
    </error>
  </testcase> <!-- test -->
</testsuite> <!-- TestScripts.Tracking.DCO_premiumUserDeliverToAnotherAddressTransportationCharges9PaymentCards_77813 -->
