<?xml version="1.0" encoding="UTF-8"?>
<!-- Generated by org.testng.reporters.JUnitXMLReporter -->
<testsuite hostname="Ramakant-Air" name="DO_PackageUpgradeNotifyMeNOPaymentMethod_TC_71749-1-" tests="1" failures="1" timestamp="17 Apr 2017 09:43:39 GMT" time="246.963" errors="0">
  <testcase name="testMC" time="220.202" classname="TestScripts.DeliveryOptions.DO_PackageUpgradeNotifyMeNOPaymentMethod_TC_71749">
    <failure type="org.openqa.selenium.TimeoutException" message="Expected condition failed: waiting for visibility of Proxy element for: DefaultElementLocator &amp;apos;By.xpath: //*[@text=&amp;apos;Driver Instructions&amp;apos; and @class=&amp;apos;android.widget.TextView&amp;apos;]&amp;apos; (tried for 60 second(s) with 500 MILLISECONDS interval)
Build info: version: &amp;apos;unknown&amp;apos;, revision: &amp;apos;1969d75&amp;apos;, time: &amp;apos;2016-10-18 09:43:45 -0700&amp;apos;
System info: host: &amp;apos;Ramakant-Air&amp;apos;, ip: &amp;apos;192.168.43.124&amp;apos;, os.name: &amp;apos;Mac OS X&amp;apos;, os.arch: &amp;apos;x86_64&amp;apos;, os.version: &amp;apos;10.11.6&amp;apos;, java.version: &amp;apos;1.8.0_111&amp;apos;
Driver info: io.appium.java_client.ios.IOSDriver
Capabilities [{appPackage=, networkConnectionEnabled=false, warnings={}, databaseEnabled=false, deviceName=iphone6, version=, platform=MAC, appActivity=, desired={appPackage=, appActivity=, platformVersion=9.2, browserName=iOS, platformName=iOS, deviceName=iphone6, version=}, platformVersion=9.2, webStorageEnabled=false, locationContextEnabled=false, browserName=iOS, takesScreenshot=true, javascriptEnabled=true, platformName=iOS}]
Session ID: 6173f964-e82d-48f3-83bc-7345b687e311">
      <![CDATA[org.openqa.selenium.TimeoutException: Expected condition failed: waiting for visibility of Proxy element for: DefaultElementLocator 'By.xpath: //*[@text='Driver Instructions' and @class='android.widget.TextView']' (tried for 60 second(s) with 500 MILLISECONDS interval)
Build info: version: 'unknown', revision: '1969d75', time: '2016-10-18 09:43:45 -0700'
System info: host: 'Ramakant-Air', ip: '192.168.43.124', os.name: 'Mac OS X', os.arch: 'x86_64', os.version: '10.11.6', java.version: '1.8.0_111'
Driver info: io.appium.java_client.ios.IOSDriver
Capabilities [{appPackage=, networkConnectionEnabled=false, warnings={}, databaseEnabled=false, deviceName=iphone6, version=, platform=MAC, appActivity=, desired={appPackage=, appActivity=, platformVersion=9.2, browserName=iOS, platformName=iOS, deviceName=iphone6, version=}, platformVersion=9.2, webStorageEnabled=false, locationContextEnabled=false, browserName=iOS, takesScreenshot=true, javascriptEnabled=true, platformName=iOS}]
Session ID: 6173f964-e82d-48f3-83bc-7345b687e311
	at org.openqa.selenium.support.ui.WebDriverWait.timeoutException(WebDriverWait.java:80)
	at org.openqa.selenium.support.ui.FluentWait.until(FluentWait.java:265)
	at Library.AppSpecific.DeliveryOptions.do_PackageUpgradeOptions(DeliveryOptions.java:1479)
	at Library.AppSpecific.DeliveryOptions.do_PackageUpgradeNotify(DeliveryOptions.java:1683)
	at TestScripts.DeliveryOptions.DO_PackageUpgradeNotifyMeNOPaymentMethod_TC_71749.testMC(DO_PackageUpgradeNotifyMeNOPaymentMethod_TC_71749.java:58)
Caused by: org.openqa.selenium.NoSuchElementException: An element could not be located on the page using the given search parameters. (WARNING: The server did not provide any stacktrace information)
Command duration or timeout: 20.21 seconds
For documentation on this error, please visit: http://seleniumhq.org/exceptions/no_such_element.html
Build info: version: 'unknown', revision: '1969d75', time: '2016-10-18 09:43:45 -0700'
System info: host: 'Ramakant-Air', ip: '192.168.43.124', os.name: 'Mac OS X', os.arch: 'x86_64', os.version: '10.11.6', java.version: '1.8.0_111'
Driver info: io.appium.java_client.ios.IOSDriver
Capabilities [{appPackage=, networkConnectionEnabled=false, warnings={}, databaseEnabled=false, deviceName=iphone6, version=, platform=MAC, appActivity=, desired={appPackage=, appActivity=, platformVersion=9.2, browserName=iOS, platformName=iOS, deviceName=iphone6, version=}, platformVersion=9.2, webStorageEnabled=false, locationContextEnabled=false, browserName=iOS, takesScreenshot=true, javascriptEnabled=true, platformName=iOS}]
Session ID: 6173f964-e82d-48f3-83bc-7345b687e311
*** Element info: {Using=xpath, value=//*[@text='Driver Instructions' and @class='android.widget.TextView']}
	at org.openqa.selenium.remote.ErrorHandler.createThrowable(ErrorHandler.java:216)
	at org.openqa.selenium.remote.ErrorHandler.throwIfResponseFailed(ErrorHandler.java:168)
	at org.openqa.selenium.remote.RemoteWebDriver.execute(RemoteWebDriver.java:635)
	at io.appium.java_client.DefaultGenericMobileDriver.execute(DefaultGenericMobileDriver.java:42)
	at io.appium.java_client.AppiumDriver.execute(AppiumDriver.java:1)
	at io.appium.java_client.ios.IOSDriver.execute(IOSDriver.java:1)
	at org.openqa.selenium.remote.RemoteWebDriver.findElement(RemoteWebDriver.java:368)
	at org.openqa.selenium.remote.RemoteWebDriver.findElementByXPath(RemoteWebDriver.java:473)
	at io.appium.java_client.DefaultGenericMobileDriver.findElementByXPath(DefaultGenericMobileDriver.java:132)
	at io.appium.java_client.AppiumDriver.findElementByXPath(AppiumDriver.java:1)
	at io.appium.java_client.ios.IOSDriver.findElementByXPath(IOSDriver.java:1)
	at org.openqa.selenium.By$ByXPath.findElement(By.java:361)
	at org.openqa.selenium.remote.RemoteWebDriver.findElement(RemoteWebDriver.java:360)
	at io.appium.java_client.DefaultGenericMobileDriver.findElement(DefaultGenericMobileDriver.java:52)
	at io.appium.java_client.AppiumDriver.findElement(AppiumDriver.java:1)
	at io.appium.java_client.ios.IOSDriver.findElement(IOSDriver.java:1)
	at org.openqa.selenium.support.pagefactory.DefaultElementLocator.findElement(DefaultElementLocator.java:69)
	at org.openqa.selenium.support.pagefactory.internal.LocatingElementHandler.invoke(LocatingElementHandler.java:38)
	at com.sun.proxy.$Proxy12.isDisplayed(Unknown Source)
	at org.openqa.selenium.support.ui.ExpectedConditions.elementIfVisible(ExpectedConditions.java:302)
	at org.openqa.selenium.support.ui.ExpectedConditions.access$100(ExpectedConditions.java:41)
	at org.openqa.selenium.support.ui.ExpectedConditions$10.apply(ExpectedConditions.java:288)
	at org.openqa.selenium.support.ui.ExpectedConditions$10.apply(ExpectedConditions.java:285)
	at org.openqa.selenium.support.ui.FluentWait.until(FluentWait.java:238)
	... 27 more
... Removed 28 stack frames]]>
    </failure>
  </testcase> <!-- testMC -->
</testsuite> <!-- DO_PackageUpgradeNotifyMeNOPaymentMethod_TC_71749-1- -->
